{"level":"info","message":"PUT /user/65a1411b3a0e0eafaeaadc1f/cart","timestamp":"2024-01-17T15:47:05.043Z"}
{"level":"info","message":"GET /user/65a1411b3a0e0eafaeaadc1f/cart","timestamp":"2024-01-17T15:47:17.660Z"}
{"level":"info","message":"PUT /user/65a1411b3a0e0eafaeaadc1f/cart","timestamp":"2024-01-17T15:47:43.357Z"}
{"level":"info","message":"PUT /user/65a1411b3a0e0eafaeaadc1f/cart","timestamp":"2024-01-17T15:47:58.185Z"}
{"level":"info","message":"GET /user/65a1411b3a0e0eafaeaadc1f/cart","timestamp":"2024-01-17T15:48:05.723Z"}
{"level":"info","message":"GET /user/65a1411b3a0e0eafaeaadc1f/cart","timestamp":"2024-01-17T15:49:23.876Z"}
{"level":"info","message":"PUT /user/65a567337e4098286d11e349/cart","timestamp":"2024-01-17T15:58:06.046Z"}
{"level":"info","message":"GET /user/65a567337e4098286d11e349/cart","timestamp":"2024-01-17T15:58:12.643Z"}
{"level":"info","message":"GET /user/65a6b1bb78fc1b35beca8849/cart","timestamp":"2024-01-17T16:19:15.662Z"}
{"level":"info","message":"GET /user/65a6b1bb78fc1b35beca8849/cart","timestamp":"2024-01-17T16:26:31.467Z"}
{"level":"info","message":"GET /user/65a6b1bb78fc1b35beca8849/cart","timestamp":"2024-01-17T16:26:53.314Z"}
{"level":"info","message":"GET /user/65a6b1bb78fc1b35beca8849/cart","timestamp":"2024-01-17T16:27:21.594Z"}
{"level":"info","message":"GET /user/65a6b1bb78fc1b35beca8849/cart","timestamp":"2024-01-17T16:27:42.729Z"}
{"level":"info","message":"GET /user/65a6b1bb78fc1b35beca8849/cart","timestamp":"2024-01-17T16:30:34.509Z"}
{"level":"info","message":"GET /user/65a6b1bb78fc1b35beca8849/cart","timestamp":"2024-01-17T16:30:47.270Z"}
{"level":"info","message":"GET /user/65a6b1bb78fc1b35beca8849/cart","timestamp":"2024-01-17T16:31:00.136Z"}
{"level":"info","message":"GET /user/65a6b1bb78fc1b35beca8849/cart","timestamp":"2024-01-17T16:36:01.637Z"}
{"level":"info","message":"GET /user/65a6b1bb78fc1b35beca8849/cart","timestamp":"2024-01-17T16:36:25.447Z"}
{"level":"info","message":"GET /user/65a6b1bb78fc1b35beca8849/cart","timestamp":"2024-01-17T16:38:27.216Z"}
{"level":"info","message":"GET /user/65a6b1bb78fc1b35beca8849/cart","timestamp":"2024-01-17T16:42:08.297Z"}
{"level":"info","message":"GET /user/65a6b1bb78fc1b35beca8849/cart","timestamp":"2024-01-17T16:43:40.175Z"}
{"level":"info","message":"GET /user/65a6b1bb78fc1b35beca8849/cart","timestamp":"2024-01-17T16:49:51.561Z"}
{"level":"info","message":"GET /user/65a6b1bb78fc1b35beca8849/cart","timestamp":"2024-01-18T10:12:29.376Z"}
{"level":"info","message":"GET /user/65a6b1bb78fc1b35beca8849/cart","timestamp":"2024-01-18T10:12:33.914Z"}
{"level":"info","message":"GET /user/65a6b1bb78fc1b35beca8849/cart","timestamp":"2024-01-18T10:13:04.927Z"}
{"level":"info","message":"GET /user/65a11fde0532fb3170bc8d0d/cart","timestamp":"2024-01-18T10:13:36.813Z"}
{"level":"info","message":"GET /user/65a6b1bb78fc1b35beca8849/cart","timestamp":"2024-01-18T10:13:46.346Z"}
{"level":"info","message":"GET /user/65a6b1bb78fc1b35beca8849/cart","timestamp":"2024-01-18T10:16:30.480Z"}
{"level":"info","message":"GET /user/65a6b1bb78fc1b35beca8849/cart","timestamp":"2024-01-18T10:19:05.822Z"}
{"level":"info","message":"GET /user/65a6b1bb78fc1b35beca8849/cart","timestamp":"2024-01-18T10:19:52.289Z"}
{"level":"info","message":"POST /user/65a6b1bb78fc1b35beca8849/cart","timestamp":"2024-01-18T10:19:57.272Z"}
{"level":"info","message":"GET /user/65a6b1bb78fc1b35beca8849/cart","timestamp":"2024-01-18T10:20:02.115Z"}
{"level":"info","message":"POST /user/65a6b1bb78fc1b35beca8849/cart","timestamp":"2024-01-18T10:20:08.250Z"}
{"level":"info","message":"GET /user/65a6b1bb78fc1b35beca8849/cart","timestamp":"2024-01-18T10:20:12.300Z"}
{"level":"info","message":"POST /user/65a6b1bb78fc1b35beca8849/cart","timestamp":"2024-01-18T10:21:26.259Z"}
{"level":"info","message":"POST /user/65a6b1bb78fc1b35beca8849/cart","timestamp":"2024-01-18T10:21:42.254Z"}
{"level":"info","message":"POST /user/65a6b1bb78fc1b35beca8849/cart","timestamp":"2024-01-18T10:21:54.611Z"}
{"level":"info","message":"POST /user/65a6b1bb78fc1b35beca8849/cart","timestamp":"2024-01-18T10:22:14.360Z"}
{"level":"info","message":"POST /user/65a6b1bb78fc1b35beca8849/cart","timestamp":"2024-01-18T10:22:31.173Z"}
{"level":"info","message":"POST /user/65a6b1bb78fc1b35beca8849/cart","timestamp":"2024-01-18T10:22:45.870Z"}
{"level":"info","message":"POST /user/65a6b1bb78fc1b35beca8849/cart","timestamp":"2024-01-18T10:23:21.305Z"}
{"level":"info","message":"POST /user/65a6b1bb78fc1b35beca8849/cart","timestamp":"2024-01-18T10:25:35.508Z"}
{"level":"info","message":"POST /user/65a6b1bb78fc1b35beca8849/cart","timestamp":"2024-01-18T10:27:50.518Z"}
{"level":"info","message":"POST /user/65a6b1bb78fc1b35beca8849/cart","timestamp":"2024-01-18T10:28:56.758Z"}
{"level":"info","message":"POST /user/65a6b1bb78fc1b35beca8849/cart","timestamp":"2024-01-18T10:29:57.566Z"}
{"level":"info","message":"GET /user/65a6b1bb78fc1b35beca8849/cart","timestamp":"2024-01-18T10:30:04.773Z"}
{"level":"info","message":"POST /user/65a6b1bb78fc1b35beca8849/cart","timestamp":"2024-01-18T10:30:15.592Z"}
{"level":"info","message":"POST /user/65a6b1bb78fc1b35beca8849/cart","timestamp":"2024-01-18T10:31:09.996Z"}
{"level":"info","message":"POST /user/65a6b1bb78fc1b35beca8849/cart","timestamp":"2024-01-18T10:32:45.652Z"}
{"level":"info","message":"GET /user/65a6b1bb78fc1b35beca8849/cart","timestamp":"2024-01-18T10:33:01.350Z"}
{"level":"info","message":"GET /user/65a6b1bb78fc1b35beca8849/cart","timestamp":"2024-01-18T10:33:55.610Z"}
{"level":"info","message":"POST /user/65a6b1bb78fc1b35beca8849/cart","timestamp":"2024-01-18T10:34:00.584Z"}
{"level":"info","message":"GET /user/65a6b1bb78fc1b35beca8849/cart","timestamp":"2024-01-18T10:34:05.354Z"}
{"level":"info","message":"POST /user/65a6b1bb78fc1b35beca8849/cart","timestamp":"2024-01-18T10:34:12.153Z"}
{"level":"info","message":"GET /stores/65a1531cb87659c73e21a229/products","timestamp":"2024-01-23T15:11:01.065Z"}
{"level":"info","message":"GET /stores/","timestamp":"2024-01-23T15:11:02.242Z"}
{"level":"info","message":"GET /stores/65a1531cb87659c73e21a229","timestamp":"2024-01-23T15:11:02.890Z"}
{"level":"info","message":"GET /stores/65a1531cb87659c73e21a229","timestamp":"2024-01-23T15:28:55.244Z"}
{"level":"info","message":"GET /stores/65a1531cb87659c73e21a229","timestamp":"2024-01-23T15:30:08.065Z"}
{"level":"info","message":"GET /stores/65a1531cb87659c73e21a229/products","timestamp":"2024-01-23T15:30:14.139Z"}
{"level":"info","message":"GET /stores/","timestamp":"2024-01-23T15:30:14.178Z"}
{"level":"info","message":"GET /stores/65a1531cb87659c73e21a229","timestamp":"2024-01-23T15:30:14.368Z"}
{"level":"info","message":"GET /stores/","timestamp":"2024-01-23T15:30:31.916Z"}
{"level":"info","message":"GET /stores/65a1531cb87659c73e21a229/products","timestamp":"2024-01-23T15:30:36.519Z"}
{"level":"info","message":"GET /stores/","timestamp":"2024-01-23T15:30:36.638Z"}
{"level":"info","message":"GET /stores/65a1531cb87659c73e21a229","timestamp":"2024-01-23T15:30:38.252Z"}
{"level":"info","message":"POST /user/undefined/cart","timestamp":"2024-01-23T15:30:59.726Z"}
{"level":"info","message":"POST /user/undefined/cart","timestamp":"2024-01-23T15:30:59.866Z"}
{"level":"info","message":"GET /stores/65a1531cb87659c73e21a229","timestamp":"2024-01-23T15:31:01.276Z"}
{"level":"info","message":"GET /stores/65a1531cb87659c73e21a229","timestamp":"2024-01-23T15:31:01.343Z"}
{"level":"info","message":"GET /stores/65a1531cb87659c73e21a229","timestamp":"2024-01-23T15:31:46.120Z"}
{"level":"info","message":"GET /stores/","timestamp":"2024-01-23T15:31:49.942Z"}
{"level":"info","message":"GET /stores/65a1531cb87659c73e21a22b/products","timestamp":"2024-01-23T15:32:17.069Z"}
{"level":"info","message":"GET /stores/65a1531cb87659c73e21a22b","timestamp":"2024-01-23T15:32:17.442Z"}
{"level":"info","message":"GET /stores/65a1531cb87659c73e21a22b","timestamp":"2024-01-23T15:32:55.605Z"}
{"level":"info","message":"GET /stores/65a1531cb87659c73e21a22b/products","timestamp":"2024-01-23T15:33:02.206Z"}
{"level":"info","message":"GET /stores/","timestamp":"2024-01-23T15:33:02.233Z"}
{"level":"info","message":"GET /stores/65a1531cb87659c73e21a22b","timestamp":"2024-01-23T15:33:03.023Z"}
{"level":"info","message":"GET /stores/","timestamp":"2024-01-23T15:33:14.713Z"}
{"level":"info","message":"GET /stores/65a1531cb87659c73e21a22a/products","timestamp":"2024-01-23T15:33:17.257Z"}
{"level":"info","message":"GET /stores/65a1531cb87659c73e21a22a","timestamp":"2024-01-23T15:33:18.501Z"}
{"level":"info","message":"GET /stores/65a1531cb87659c73e21a22a/products/5f651b6203f8466d68b91a38","timestamp":"2024-01-23T15:33:22.125Z"}
{"level":"info","message":"POST /user/undefined/cart","timestamp":"2024-01-23T15:33:23.471Z"}
{"level":"info","message":"GET /stores/65a1531cb87659c73e21a22a","timestamp":"2024-01-23T15:33:23.644Z"}
{"level":"info","message":"GET /stores/65a1531cb87659c73e21a22a","timestamp":"2024-01-23T15:36:35.400Z"}
{"level":"info","message":"GET /stores/65a1531cb87659c73e21a22a","timestamp":"2024-01-23T15:36:38.079Z"}
{"level":"info","message":"GET /stores/65a1531cb87659c73e21a22a","timestamp":"2024-01-23T15:36:51.112Z"}
{"level":"info","message":"GET /stores/65a1531cb87659c73e21a22a","timestamp":"2024-01-23T15:36:54.612Z"}
{"level":"info","message":"GET /stores/65a1531cb87659c73e21a22a","timestamp":"2024-01-23T15:39:28.054Z"}
{"level":"info","message":"GET /stores/65a1531cb87659c73e21a22a","timestamp":"2024-01-23T15:39:32.276Z"}
{"level":"info","message":"POST /user/admin/register","timestamp":"2024-01-23T15:42:53.525Z"}
{"level":"info","message":"GET /stores/65a1531cb87659c73e21a22a","timestamp":"2024-01-23T15:42:56.848Z"}
{"level":"info","message":"GET /stores/65a1531cb87659c73e21a22a","timestamp":"2024-01-23T15:43:04.436Z"}
{"level":"info","message":"GET /user/admin","timestamp":"2024-01-23T15:43:23.877Z"}
{"level":"info","message":"GET /stores/65a1531cb87659c73e21a22a","timestamp":"2024-01-23T15:43:27.592Z"}
{"level":"info","message":"POST /user/admin","timestamp":"2024-01-23T15:43:33.801Z"}
{"level":"info","message":"POST /user/admin","timestamp":"2024-01-23T15:43:41.066Z"}
{"level":"info","message":"POST /user/admin/register","timestamp":"2024-01-23T15:44:22.410Z"}
{"level":"info","message":"POST /user/admin/register","timestamp":"2024-01-23T15:44:30.325Z"}
{"level":"info","message":"GET /stores/65a1531cb87659c73e21a22a","timestamp":"2024-01-23T15:44:34.230Z"}
{"level":"info","message":"POST /user/admin/register","timestamp":"2024-01-23T15:44:49.009Z"}
{"level":"info","message":"GET /stores/65a1531cb87659c73e21a22a","timestamp":"2024-01-23T15:44:51.708Z"}
{"level":"info","message":"GET /stores/65a1531cb87659c73e21a22a","timestamp":"2024-01-23T15:45:26.031Z"}
{"level":"info","message":"GET /stores/65a1531cb87659c73e21a22a","timestamp":"2024-01-23T15:48:06.835Z"}
{"level":"info","message":"GET /stores/65a1531cb87659c73e21a22a","timestamp":"2024-01-23T15:48:08.614Z"}
{"level":"info","message":"GET /stores/65a1531cb87659c73e21a22a","timestamp":"2024-01-23T15:48:18.514Z"}
{"level":"info","message":"GET /stores/65a1531cb87659c73e21a22a","timestamp":"2024-01-23T15:48:21.812Z"}
{"level":"info","message":"GET /stores/65a1531cb87659c73e21a22a","timestamp":"2024-01-23T15:56:14.039Z"}
{"level":"info","message":"GET /stores/65a1531cb87659c73e21a22a","timestamp":"2024-01-23T16:02:01.675Z"}
{"level":"info","message":"GET /stores/65a1531cb87659c73e21a22a","timestamp":"2024-01-23T16:02:09.051Z"}
{"level":"info","message":"POST /user/admin/register","timestamp":"2024-01-23T17:12:38.199Z"}
{"level":"info","message":"POST /user/admin/register","timestamp":"2024-01-24T10:40:56.153Z"}
{"level":"info","message":"DELETE /stores/65a1531cb87659c73e21a228/products/65aab5fc0ff885eab676b68a","timestamp":"2024-02-14T16:38:06.155Z"}
{"level":"info","message":"POST /user/login","timestamp":"2024-02-15T11:01:56.433Z"}
{"level":"info","message":"POST /user/register","timestamp":"2024-02-15T11:06:43.458Z"}
{"level":"info","message":"POST /stores","timestamp":"2024-02-15T11:20:52.904Z"}
{"level":"info","message":"POST /stores","timestamp":"2024-02-15T11:22:05.048Z"}
{"level":"info","message":"POST /stores","timestamp":"2024-02-15T11:22:22.778Z"}
{"level":"info","message":"POST /stores","timestamp":"2024-02-15T11:22:57.677Z"}
{"level":"info","message":"POST /stores","timestamp":"2024-02-15T11:23:37.391Z"}
{"level":"info","message":"POST /stores","timestamp":"2024-02-15T11:24:17.795Z"}
{"level":"info","message":"POST /stores","timestamp":"2024-02-15T11:24:56.521Z"}
{"level":"info","message":"POST /stores","timestamp":"2024-02-15T11:26:33.625Z"}
{"level":"info","message":"POST /stores","timestamp":"2024-02-15T11:29:44.796Z"}
{"level":"info","message":"POST /stores/65cdf5acc2889182a527d316/products","timestamp":"2024-02-15T11:34:31.206Z"}
{"level":"info","message":"POST /stores/65cdf5acc2889182a527d316/products","timestamp":"2024-02-15T11:36:44.292Z"}
{"level":"info","message":"POST /stores/65cdf5acc2889182a527d316/products","timestamp":"2024-02-15T11:42:02.594Z"}
{"level":"info","message":"POST /stores/65cdf5acc2889182a527d316/products","timestamp":"2024-02-15T11:43:17.720Z"}
{"level":"info","message":"POST /stores/65cdf5acc2889182a527d316/products","timestamp":"2024-02-15T11:45:15.282Z"}
{"level":"info","message":"POST /stores65cdf5acc2889182a527d316/products","timestamp":"2024-02-15T11:47:03.061Z"}
{"level":"info","message":"POST /stores/65cdf5acc2889182a527d316/products","timestamp":"2024-02-15T11:47:21.525Z"}
{"level":"info","message":"POST /stores","timestamp":"2024-02-15T12:43:55.399Z"}
{"level":"info","message":"POST /stores/65ce070e26430ed45f60e44c/products","timestamp":"2024-02-15T12:46:03.249Z"}
{"level":"info","message":"POST /stores65ce070e26430ed45f60e44c/products","timestamp":"2024-02-15T12:48:18.985Z"}
{"level":"info","message":"POST /stores/65ce070e26430ed45f60e44c/products","timestamp":"2024-02-15T12:48:51.634Z"}
{"level":"info","message":"POST /stores","timestamp":"2024-02-15T13:00:00.320Z"}
{"level":"info","message":"POST /stores/65ce0ad226430ed45f60e455/products","timestamp":"2024-02-15T13:01:58.514Z"}
{"level":"info","message":"POST /stores/65ce0ad226430ed45f60e455/products","timestamp":"2024-02-15T13:03:42.064Z"}
{"level":"info","message":"POST /stores/65cdf5acc2889182a527d316/cart","timestamp":"2024-02-16T15:34:40.930Z"}
{"level":"info","message":"POST /65cdf5acc2889182a527d316/cart","timestamp":"2024-02-16T15:36:27.652Z"}
{"level":"info","message":"POST /stores/65cdf5acc2889182a527d316/cart","timestamp":"2024-02-16T15:38:32.363Z"}
{"level":"info","message":"DELETE /stores/65cdf5acc2889182a527d316/cart/65cf81789da04db7b2be8974/products/65cdf94ec6576009ba145b18","timestamp":"2024-02-16T15:40:28.222Z"}
{"level":"info","message":"DELETE /stores/65cdf5acc2889182a527d316/cart/65cf81789da04db7b2be8974/products/65cdf94ec6576009ba145b18","timestamp":"2024-02-16T15:42:28.029Z"}
{"level":"info","message":"DELETE /stores/65cdf5acc2889182a527d316/cart/65cf81789da04db7b2be8974/products/65cdf94ec6576009ba145b18","timestamp":"2024-02-16T15:46:33.026Z"}
{"level":"info","message":"DELETE /stores/65cdf5acc2889182a527d316/cart/65cf81789da04db7b2be8974/products/65cdf94ec6576009ba145b18","timestamp":"2024-02-16T15:46:35.136Z"}
{"level":"info","message":"DELETE /stores/65cdf5acc2889182a527d316/cart/65cf81789da04db7b2be8974/products/65cdf94ec6576009ba145b18","timestamp":"2024-02-16T15:51:10.768Z"}
{"level":"info","message":"DELETE /stores/65cdf5acc2889182a527d316/cart/65cf81789da04db7b2be8974/products/65cdf94ec6576009ba145b18","timestamp":"2024-02-16T15:56:13.457Z"}
{"level":"info","message":"DELETE /stores/65cdf5acc2889182a527d316/cart/65cf81789da04db7b2be8974/products/65cdf94ec6576009ba145b18","timestamp":"2024-02-16T15:57:05.597Z"}
{"level":"info","message":"DELETE /stores/65cdf5acc2889182a527d316/cart/65cf81789da04db7b2be8974/products/65cdf94ec6576009ba145b18","timestamp":"2024-02-16T16:01:05.814Z"}
{"level":"info","message":"DELETE /stores/65cdf5acc2889182a527d316/cart/65cf81789da04db7b2be8974/products/65cdf94ec6576009ba145b18","timestamp":"2024-02-16T16:04:12.923Z"}
{"level":"info","message":"DELETE /stores/65cdf5acc2889182a527d316/cart/65cf81789da04db7b2be8974/products/65cdf94ec6576009ba145b18","timestamp":"2024-02-16T16:16:52.612Z"}
{"level":"info","message":"DELETE /stores/65cdf5acc2889182a527d316/cart","timestamp":"2024-02-16T16:19:01.637Z"}
{"level":"info","message":"POST /stores/65cdf5acc2889182a527d316/cart","timestamp":"2024-02-16T16:19:47.505Z"}
{"level":"info","message":"POST /stores/65cdf5acc2889182a527d316/cart","timestamp":"2024-02-16T16:20:04.150Z"}
{"level":"info","message":"POST /stores/65cdf5acc2889182a527d316/cart","timestamp":"2024-02-16T16:20:29.959Z"}
{"level":"info","message":"POST /stores/65cdf5acc2889182a527d316/cart","timestamp":"2024-02-16T16:20:36.277Z"}
{"level":"info","message":"POST /stores/65cdf5acc2889182a527d316/cart","timestamp":"2024-02-16T16:21:10.453Z"}
{"level":"info","message":"POST /stores/65cdf5acc2889182a527d316/cart","timestamp":"2024-02-16T16:21:48.486Z"}
{"level":"info","message":"POST /stores/65cdf5acc2889182a527d316/cart","timestamp":"2024-02-16T16:22:13.880Z"}
{"level":"info","message":"DELETE /stores/65cdf5acc2889182a527d316/cart/65cf8bb548b1c17295bc6202/products/65cdf94ec6576009ba145b18","timestamp":"2024-02-16T16:22:41.345Z"}
{"level":"info","message":"DELETE /stores/65cdf5acc2889182a527d316/cart/65cf8bb548b1c17295bc6202/products/65cdf94ec6576009ba145b18","timestamp":"2024-02-16T16:23:03.559Z"}
{"level":"info","message":"DELETE /stores/65cdf5acc2889182a527d316/cart/65cf8bb548b1c17295bc6202/products/65cdf94ec6576009ba145b18","timestamp":"2024-02-16T16:23:35.902Z"}
{"level":"info","message":"DELETE /stores/65cdf5acc2889182a527d316/cart/65cf8bb548b1c17295bc6202/products/65cdf94ec6576009ba145b18","timestamp":"2024-02-16T16:24:25.880Z"}
{"level":"info","message":"DELETE /stores/65cdf5acc2889182a527d316/cart/65cf8bb548b1c17295bc6202/products/65cdf94ec6576009ba145b18","timestamp":"2024-02-16T16:27:08.887Z"}
{"level":"info","message":"DELETE /stores/65cdf5acc2889182a527d316/cart/65cf8bb548b1c17295bc6202/products/65cdf94ec6576009ba145b18","timestamp":"2024-02-16T16:45:10.527Z"}
{"level":"info","message":"DELETE /stores/65cdf5acc2889182a527d316/cart/65cf8bb548b1c17295bc6202/products/65cdf94ec6576009ba145b18","timestamp":"2024-02-16T16:49:47.171Z"}
{"level":"info","message":"DELETE /stores/65cdf5acc2889182a527d316/cart/65cf8bb548b1c17295bc6202/products/65cdf94ec6576009ba145b18","timestamp":"2024-02-16T16:51:56.575Z"}
{"level":"info","message":"DELETE /stores/65cdf5acc2889182a527d316/cart/65cf8bb548b1c17295bc6202/products/65cdf94ec6576009ba145b18","timestamp":"2024-02-16T16:54:37.829Z"}
{"level":"info","message":"DELETE /stores/65cdf5acc2889182a527d316/cart/65cf8bb548b1c17295bc6202/products/65cdf94ec6576009ba145b18","timestamp":"2024-02-16T16:58:13.647Z"}
{"level":"info","message":"DELETE /stores/65cdf5acc2889182a527d316/cart/65cf8bb548b1c17295bc6202/products/65cdf94ec6576009ba145b18","timestamp":"2024-02-16T17:01:02.173Z"}
{"level":"info","message":"DELETE /stores/65cdf5acc2889182a527d316/cart/65cf8bb548b1c17295bc6202/products/65cdf94ec6576009ba145b18","timestamp":"2024-02-16T17:03:45.164Z"}
{"level":"info","message":"DELETE /stores/65cdf5acc2889182a527d316/cart/65cf8bb548b1c17295bc6202/products/65cdf94ec6576009ba145b18","timestamp":"2024-02-16T17:04:54.013Z"}
{"level":"info","message":"DELETE /stores/65cdf5acc2889182a527d316/cart/65cf8bb548b1c17295bc6202/products/65cdf94ec6576009ba145b18","timestamp":"2024-02-16T17:05:28.999Z"}
{"level":"info","message":"DELETE /stores/65cdf5acc2889182a527d316/cart/65cf8bb548b1c17295bc6202/products/65cdf94ec6576009ba145b18","timestamp":"2024-02-16T17:07:05.050Z"}
{"level":"info","message":"DELETE /stores/65cdf5acc2889182a527d316/cart/65cf8bb548b1c17295bc6202/products/65cdf94ec6576009ba145b18","timestamp":"2024-02-16T17:07:46.433Z"}
{"level":"info","message":"DELETE /stores/65cdf5acc2889182a527d316/cart/65cf8bb548b1c17295bc6202/products/65cdf94ec6576009ba145b18","timestamp":"2024-02-16T17:09:48.602Z"}
{"level":"info","message":"DELETE /stores/65cdf5acc2889182a527d316/cart/65cf8bb548b1c17295bc6202/products/65cdf94ec6576009ba145b18","timestamp":"2024-02-16T17:10:11.666Z"}
{"level":"info","message":"DELETE /stores/65cdf5acc2889182a527d316/cart/65cf8bb548b1c17295bc6202/products/65cdf94ec6576009ba145b18","timestamp":"2024-02-16T17:11:37.675Z"}
{"level":"info","message":"DELETE /stores/65cdf5acc2889182a527d316/cart/65cf8bb548b1c17295bc6202/products/65cdf94ec6576009ba145b18","timestamp":"2024-02-16T17:12:32.533Z"}
{"level":"info","message":"DELETE /stores/65cdf5acc2889182a527d316/cart/65cf8bb548b1c17295bc6202/products/65cdf94ec6576009ba145b18","timestamp":"2024-02-16T17:13:00.737Z"}
{"level":"info","message":"DELETE /stores/65cdf5acc2889182a527d316/cart/65cf8bb548b1c17295bc6202/products/65cdf94ec6576009ba145b18","timestamp":"2024-02-16T17:14:42.575Z"}
{"level":"info","message":"DELETE /stores/65cdf5acc2889182a527d316/cart/65cf8bb548b1c17295bc6202/products/65cdf94ec6576009ba145b18","timestamp":"2024-02-16T17:15:41.683Z"}
{"level":"info","message":"DELETE /stores/65cdf5acc2889182a527d316/cart/65cf8bb548b1c17295bc6202/products/65cdf94ec6576009ba145b18","timestamp":"2024-02-16T17:20:12.568Z"}
{"level":"info","message":"DELETE /stores/65cdf5acc2889182a527d316/cart/65cf8bb548b1c17295bc6202/products/65cdf94ec6576009ba145b18","timestamp":"2024-02-16T17:21:35.171Z"}
{"level":"info","message":"DELETE /stores/65cdf5acc2889182a527d316/cart/65cf8bb548b1c17295bc6202/products/65cdf94ec6576009ba145b18","timestamp":"2024-02-16T17:22:57.469Z"}
{"level":"info","message":"DELETE /stores/65cdf5acc2889182a527d316/cart/65cf8bb548b1c17295bc6202/products/65cdf94ec6576009ba145b18","timestamp":"2024-02-16T17:25:41.146Z"}
{"level":"info","message":"DELETE /stores/65cdf5acc2889182a527d316/cart/65cf8bb548b1c17295bc6202/products/65cdf94ec6576009ba145b18","timestamp":"2024-02-16T17:26:24.048Z"}
{"level":"info","message":"DELETE /stores/65cdf5acc2889182a527d316/cart/65cf8bb548b1c17295bc6202/products/65cdf94ec6576009ba145b18","timestamp":"2024-02-16T17:26:47.130Z"}
{"level":"info","message":"GET /stores/65cdf5acc2889182a527d316/cart/65cf8bb548b1c17295bc6202/products/65cdf94ec6576009ba145b18","timestamp":"2024-02-19T08:27:22.367Z"}
{"level":"info","message":"DELETE /stores/65cdf5acc2889182a527d316/cart/65cf8bb548b1c17295bc6202/products/65cdf94ec6576009ba145b18","timestamp":"2024-02-19T08:27:30.414Z"}
{"level":"info","message":"DELETE /stores/65cdf5acc2889182a527d316/cart/65cdf94ec6576009ba145b18","timestamp":"2024-02-19T09:01:17.485Z"}
{"level":"info","message":"DELETE /stores/65cdf5acc2889182a527d316/cart/65cdf94ec6576009ba145b18","timestamp":"2024-02-19T09:03:28.249Z"}
{"level":"info","message":"DELETE /stores/65cdf5acc2889182a527d316/cart/65cdf94ec6576009ba145b18","timestamp":"2024-02-19T09:05:43.799Z"}
{"level":"info","message":"DELETE /stores/65cdf5acc2889182a527d316/cart/65cdf94ec6576009ba145b18","timestamp":"2024-02-19T09:06:33.437Z"}
{"level":"info","message":"DELETE /stores/65cdf5acc2889182a527d316/cart/65cdf94ec6576009ba145b18","timestamp":"2024-02-19T09:08:23.173Z"}
{"level":"info","message":"DELETE /stores/65cdf5acc2889182a527d316/cart/65cdf94ec6576009ba145b18","timestamp":"2024-02-19T09:10:12.367Z"}
{"level":"info","message":"DELETE /stores/65cdf5acc2889182a527d316/cart/65cdf94ec6576009ba145b18","timestamp":"2024-02-19T09:11:40.713Z"}
{"level":"info","message":"DELETE /stores/65cdf5acc2889182a527d316/cart/65cdf94ec6576009ba145b18","timestamp":"2024-02-19T09:16:35.985Z"}
{"level":"info","message":"DELETE /stores/65cdf5acc2889182a527d316/cart/65cdf94ec6576009ba145b18","timestamp":"2024-02-19T09:18:53.240Z"}
{"level":"info","message":"DELETE /stores/65cdf5acc2889182a527d316/cart/65cdf94ec6576009ba145b18","timestamp":"2024-02-19T09:24:03.748Z"}
{"level":"info","message":"DELETE /stores/65cdf5acc2889182a527d316/cart/65cdf94ec6576009ba145b18","timestamp":"2024-02-19T09:24:33.136Z"}
{"level":"info","message":"DELETE /stores/65cdf5acc2889182a527d316/cart/65cdf94ec6576009ba145b18","timestamp":"2024-02-19T10:01:07.490Z"}
{"level":"info","message":"DELETE /stores/65cdf5acc2889182a527d316/cart/65cdf94ec6576009ba145b18","timestamp":"2024-02-19T10:04:05.297Z"}
{"level":"info","message":"DELETE /stores/65cdf5acc2889182a527d316/cart/65cdf94ec6576009ba145b18","timestamp":"2024-02-19T10:07:40.850Z"}
